PLINK v1.90b6.26 64-bit (2 Apr 2022)
Options in effect:
  --bfile ../reference/bfile_UKB10K_EUR/chr4_uniqID
  --extract range sample_reg_set.txt
  --make-bed
  --out ld_ref/chr4

Hostname: login13.myriad.ucl.ac.uk
Working directory: /lustre/scratch/scratch/rmhiaah/Projects/HERMES/hermes-2.0-meta/data/sample
Start time: Thu Aug 31 16:45:57 2023

Random number seed: 1693496757
192919 MB RAM detected; reserving 96459 MB for main workspace.
721347 variants loaded from .bim file.
10000 people (0 males, 0 females, 10000 ambiguous) loaded from .fam.
Ambiguous sex IDs written to ld_ref/chr4.nosex .
--extract range: 721246 variants excluded.
--extract range: 101 variants remaining.
Using 1 thread (no multithreaded calculations invoked).
Before main variant filters, 10000 founders and 0 nonfounders present.
Calculating allele frequencies... done.
Total genotyping rate is 0.985883.
101 variants and 10000 people pass filters and QC.
Note: No phenotypes present.
--make-bed to ld_ref/chr4.bed + ld_ref/chr4.bim + ld_ref/chr4.fam ... done.

End time: Thu Aug 31 16:46:06 2023
